 MTB > anova c3 = c1 | c2;
 SUBC> means c1 | c2.
 
 Factor     Type Levels Values
 C1        fixed      3     1     2     3
 C2        fixed      3     1     2     3
 
 
 Analysis of Variance for C3      
 
 Source      DF         SS         MS       F      P
 C1           2     537.73     268.86  208.97  0.000
 C2           2     520.19     260.10  202.16  0.000
 C1*C2        4      29.90       7.47    5.81  0.000
 Error      225     289.48       1.29
 Total      233    1377.30 
 
     MEANS
 
   C1    N        C3
    1   78    6.2821
    2   78    3.8558
    3   78    2.6346
 
   C2    N        C3
    1   78    6.1603
    2   78    4.0929
    3   78    2.5192
 
   C1  C2    N        C3
    1   1   26    8.2885
    1   2   26    6.5865
    1   3   26    3.9712
    2   1   26    6.0288
    2   2   26    3.3077
    2   3   26    2.2308
    3   1   26    4.1635
    3   2   26    2.3846
    3   3   26    1.3558



 MTB > anova c3 = c1 c2;
 SUBC> means c1 c2;
 SUBC> fits c4.
 
 Factor     Type Levels Values
 C1        fixed      3     1     2     3
 C2        fixed      3     1     2     3
 
 
 Analysis of Variance for C3      
 
 Source      DF         SS         MS       F      P
 C1           2     537.73     268.86  192.78  0.000
 C2           2     520.19     260.10  186.49  0.000
 Error      229     319.38       1.39
 Total      233    1377.30 
 
     MEANS
 
   C1    N        C3
    1   78    6.2821
    2   78    3.8558
    3   78    2.6346
 
   C2    N        C3
    1   78    6.1603
    2   78    4.0929
    3   78    2.5192
 
 MTB > print c3 c4
  
  ROW     C3        C4
 
    1   9.00   8.18483
   27   6.75   6.11752
   53   5.00   4.54380
   79   5.00   5.75855
  105   3.75   3.69124
  131   2.00   2.11752
  157   2.25   4.53739
  183   1.25   2.47009
  209   1.00   0.89637


 
 MTB > let c4=log(c3)
 MTB > anova c4 = c1 | c2;
 SUBC> means c1 | c2.
 
 Factor     Type Levels Values
 C1        fixed      3     1     2     3
 C2        fixed      3     1     2     3
  
 Analysis of Variance for C4      
 
 Source      DF         SS         MS       F      P
 C1           2    35.8171    17.9085  170.31  0.000
 C2           2    39.1854    19.5927  186.32  0.000
 C1*C2        4     1.4826     0.3707    3.52  0.008
 Error      225    23.6596     0.1052
 Total      233   100.1447 
 
