

* * * * * * * * * * * * * * * * *  P  L  O  T  * * * * * * * * * * * * * * * * *

                               Plot of SCORE with GROUP
         ++----+----+----+----+----+----+----+----+----+----+----+----+----++
        6+                                                                  +
         |                                                                  |
         |                                                                  |
         |                                                                  |
         |                                                                  |
        5+                                                            1     +
         |                                                                  |
         |                                                                  |
         |                                                                  |
         |                                                                  |
        4+                                                            1     +
         |                                                                  |
         |                                                                  |
         |                                                                  |
         |                                                                  |
S       3+          1                                                 1     +
C        |                                                                  |
O        |                                                                  |
R        |                                                                  |
E        |                                                                  |
        2+          1                                                       +
         |                                                                  |
         |                                                                  |
         |                                                                  |
         |                                                                  |
        1+          1                                                       +
         |                                                                  |
         |                                                                  |
         |                                                                  |
         |                                                                  |
        0+                                                                  +
         |                                                                  |
         |                                                                  |
         |                                                                  |
         |                                                                  |
       -1+                                                                  +
         ++----+----+----+----+----+----+----+----+----+----+----+----+----++
        -.2         0        .2        .4        .6        .8         1


                                        GROUP


t-tests for Independent Samples of GROUP

                             Number
 Variable                   of Cases       Mean          SD   SE of Mean
 -----------------------------------------------------------------------
 SCORE

 GROUP 1                       3         4.0000       1.000         .577
 GROUP 0                       3         2.0000       1.000         .577
 -----------------------------------------------------------------------

          Mean Difference = 2.0000

          Levene's Test for Equality of Variances: F= .000   P= 1.000


       t-test for Equality of Means                                      95%
 Variances   t-value       df    2-Tail Sig     SE of Diff           CI for Diff
 -------------------------------------------------------------------------------
 Equal          2.45        4          .070           .816        (-.267, 4.267)
 Unequal        2.45     4.00          .070           .816        (-.267, 4.267)
 -------------------------------------------------------------------------------


                       - - - - -  O N E W A Y  - - - - -

      Variable  SCORE
   By Variable  GROUP
                                  Analysis of Variance

                                  Sum of         Mean             F      F
        Source           D.F.    Squares       Squares          Ratio  Prob.

Between Groups             1        6.0000        6.0000       6.0000  .0705
Within Groups              4        4.0000        1.0000
Total                      5       10.0000



                      - -  Correlation Coefficients  - -

             GROUP

SCORE         .7746
            (    6)
            P= .070

(Coefficient / (Cases) / 2-tailed Significance)



           * * * *   M U L T I P L E   R E G R E S S I O N   * * * *

Multiple R           .77460
R Square             .60000
Adjusted R Square    .50000
Standard Error      1.00000

Analysis of Variance
                    DF      Sum of Squares      Mean Square
Regression           1             6.00000          6.00000
Residual             4             4.00000          1.00000

F =       6.00000       Signif F =  .0705


------------------ Variables in the Equation ------------------

Variable              B        SE B       Beta         T  Sig T

GROUP          2.000000     .816497    .774597     2.449  .0705
(Constant)     2.000000     .577350                3.464  .0257



(MANOVA)
* * * * * * A n a l y s i s   o f   V a r i a n c e -- design   1 * * * * * *

 Tests of Significance for SCORE using UNIQUE sums of squares
 Source of Variation          SS      DF        MS         F  Sig of F

 WITHIN+RESIDUAL            4.00       4      1.00
 GROUP                      6.00       1      6.00      6.00      .070

 (Model)                    6.00       1      6.00      6.00      .070
 (Total)                   10.00       5      2.00

 R-Squared =           .600
 Adjusted R-Squared =  .500

 - - - - - - - - - - - - - - - - - - - - - - - - - - - - - - - - - - - - -
